android/app/build/intermediates/manifest_merge_blame_file/release/manifest-merger-blame-release-report.txt
1<?xml version="1.0" encoding="utf-8"?>
2<manifest xmlns:android="http://schemas.android.com/apk/res/android"
3    package="com.hardtofindmaps"
4    android:versionCode="13"
5    android:versionName="3.2" >
6
7    <uses-sdk
8        android:minSdkVersion="21"
8-->src\main\AndroidManifest.xml
9        android:targetSdkVersion="31" />
9-->src\main\AndroidManifest.xml
10
11    <uses-permission android:name="android.permission.INTERNET" />
11-->src\main\AndroidManifest.xml:5:5-67
11-->src\main\AndroidManifest.xml:5:22-64
12    <uses-permission android:name="android.permission.ACCESS_NETWORK_STATE" />
12-->[:react-native-community_netinfo] AndroidManifest.xml:9:5-79
12-->[:react-native-community_netinfo] AndroidManifest.xml:9:22-76
13    <uses-permission android:name="android.permission.ACCESS_WIFI_STATE" />
13-->[:react-native-community_netinfo] AndroidManifest.xml:10:5-76
13-->[:react-native-community_netinfo] AndroidManifest.xml:10:22-73
14    <uses-permission android:name="android.permission.WRITE_EXTERNAL_STORAGE" />
14-->[:react-native-image-crop-picker] AndroidManifest.xml:10:5-81
14-->[:react-native-image-crop-picker] AndroidManifest.xml:10:22-78
15    <uses-permission android:name="android.permission.WAKE_LOCK" />
15-->[androidx.work:work-runtime:2.7.1] AndroidManifest.xml:25:5-68
15-->[androidx.work:work-runtime:2.7.1] AndroidManifest.xml:25:22-65
16    <uses-permission android:name="android.permission.RECEIVE_BOOT_COMPLETED" />
16-->[androidx.work:work-runtime:2.7.1] AndroidManifest.xml:27:5-81
16-->[androidx.work:work-runtime:2.7.1] AndroidManifest.xml:27:22-78
17    <uses-permission android:name="android.permission.FOREGROUND_SERVICE" />
17-->[androidx.work:work-runtime:2.7.1] AndroidManifest.xml:28:5-77
17-->[androidx.work:work-runtime:2.7.1] AndroidManifest.xml:28:22-74
18    <uses-permission android:name="com.google.android.finsky.permission.BIND_GET_INSTALL_REFERRER_SERVICE" />
18-->[com.android.installreferrer:installreferrer:1.0] AndroidManifest.xml:9:5-110
18-->[com.android.installreferrer:installreferrer:1.0] AndroidManifest.xml:9:22-107
19
20    <application
20-->src\main\AndroidManifest.xml:7:5-38:19
21        android:name="com.hardtofindmaps.MainApplication"
21-->src\main\AndroidManifest.xml:8:7-38
22        android:allowBackup="false"
22-->src\main\AndroidManifest.xml:12:7-34
23        android:appComponentFactory="androidx.core.app.CoreComponentFactory"
23-->[androidx.core:core:1.6.0] AndroidManifest.xml:24:18-86
24        android:icon="@mipmap/ic_launcher"
24-->src\main\AndroidManifest.xml:10:7-41
25        android:label="@string/app_name"
25-->src\main\AndroidManifest.xml:9:7-39
26        android:roundIcon="@mipmap/ic_launcher_round"
26-->src\main\AndroidManifest.xml:11:7-52
27        android:supportsRtl="true"
27-->[com.facebook.android:facebook-android-sdk:12.3.0] AndroidManifest.xml:28:18-44
28        android:theme="@style/AppTheme"
28-->src\main\AndroidManifest.xml:14:7-38
29        android:usesCleartextTraffic="true" >
29-->src\main\AndroidManifest.xml:13:7-42
30        <meta-data
30-->src\main\AndroidManifest.xml:16:7-105
31            android:name="com.facebook.sdk.ApplicationId"
31-->src\main\AndroidManifest.xml:16:18-63
32            android:value="@string/facebook_app_id" />
32-->src\main\AndroidManifest.xml:16:64-103
33
34        <activity
34-->src\main\AndroidManifest.xml:17:7-27:20
35            android:name="com.hardtofindmaps.SplashActivity"
35-->src\main\AndroidManifest.xml:19:13-43
36            android:configChanges="keyboard|keyboardHidden|orientation|screenSize"
36-->src\main\AndroidManifest.xml:18:13-83
37            android:exported="true"
37-->src\main\AndroidManifest.xml:21:13-36
38            android:label="@string/app_name"
38-->src\main\AndroidManifest.xml:22:13-45
39            android:theme="@style/SplashTheme" >
39-->src\main\AndroidManifest.xml:20:13-47
40            <intent-filter>
40-->src\main\AndroidManifest.xml:23:13-26:29
41                <action android:name="android.intent.action.MAIN" />
41-->src\main\AndroidManifest.xml:24:17-69
41-->src\main\AndroidManifest.xml:24:25-66
42
43                <category android:name="android.intent.category.LAUNCHER" />
43-->src\main\AndroidManifest.xml:25:17-77
43-->src\main\AndroidManifest.xml:25:27-74
44            </intent-filter>
45        </activity>
46        <activity
46-->src\main\AndroidManifest.xml:28:7-34:50
47            android:name="com.hardtofindmaps.MainActivity"
47-->src\main\AndroidManifest.xml:29:9-37
48            android:configChanges="keyboard|keyboardHidden|orientation|screenSize|uiMode"
48-->src\main\AndroidManifest.xml:31:9-86
49            android:exported="true"
49-->src\main\AndroidManifest.xml:33:9-32
50            android:label="@string/app_name"
50-->src\main\AndroidManifest.xml:30:9-41
51            android:launchMode="singleTask"
51-->src\main\AndroidManifest.xml:32:9-40
52            android:windowSoftInputMode="adjustPan" />
52-->src\main\AndroidManifest.xml:34:9-48
53        <activity android:name="com.facebook.react.devsupport.DevSettingsActivity" />
53-->src\main\AndroidManifest.xml:37:7-84
53-->src\main\AndroidManifest.xml:37:17-81
54
55        <provider
55-->[:react-native-image-crop-picker] AndroidManifest.xml:13:9-21:20
56            android:name="androidx.core.content.FileProvider"
56-->[:react-native-image-crop-picker] AndroidManifest.xml:14:13-62
57            android:authorities="com.hardtofindmaps.provider"
57-->[:react-native-image-crop-picker] AndroidManifest.xml:15:13-60
58            android:exported="false"
58-->[:react-native-image-crop-picker] AndroidManifest.xml:16:13-37
59            android:grantUriPermissions="true" >
59-->[:react-native-image-crop-picker] AndroidManifest.xml:17:13-47
60            <meta-data
60-->[:react-native-image-crop-picker] AndroidManifest.xml:18:13-20:58
61                android:name="android.support.FILE_PROVIDER_PATHS"
61-->[:react-native-image-crop-picker] AndroidManifest.xml:19:17-67
62                android:resource="@xml/provider_paths" />
62-->[:react-native-image-crop-picker] AndroidManifest.xml:20:17-55
63        </provider>
64
65        <activity
65-->[:react-native-image-crop-picker] AndroidManifest.xml:23:9-25:72
66            android:name="com.yalantis.ucrop.UCropActivity"
66-->[:react-native-image-crop-picker] AndroidManifest.xml:24:13-60
67            android:theme="@style/Theme.AppCompat.Light.NoActionBar" />
67-->[:react-native-image-crop-picker] AndroidManifest.xml:25:13-69
68        <activity
68-->[com.facebook.android:facebook-common:12.3.0] AndroidManifest.xml:30:9-33:66
69            android:name="com.facebook.FacebookActivity"
69-->[com.facebook.android:facebook-common:12.3.0] AndroidManifest.xml:31:13-57
70            android:configChanges="keyboard|keyboardHidden|screenLayout|screenSize|orientation"
70-->[com.facebook.android:facebook-common:12.3.0] AndroidManifest.xml:32:13-96
71            android:theme="@style/com_facebook_activity_theme" />
71-->[com.facebook.android:facebook-common:12.3.0] AndroidManifest.xml:33:13-63
72        <activity android:name="com.facebook.CustomTabMainActivity" />
72-->[com.facebook.android:facebook-common:12.3.0] AndroidManifest.xml:34:9-71
72-->[com.facebook.android:facebook-common:12.3.0] AndroidManifest.xml:34:19-68
73        <activity
73-->[com.facebook.android:facebook-common:12.3.0] AndroidManifest.xml:35:9-49:20
74            android:name="com.facebook.CustomTabActivity"
74-->[com.facebook.android:facebook-common:12.3.0] AndroidManifest.xml:36:13-58
75            android:exported="true" >
75-->[com.facebook.android:facebook-common:12.3.0] AndroidManifest.xml:37:13-36
76            <intent-filter>
76-->[com.facebook.android:facebook-common:12.3.0] AndroidManifest.xml:39:13-48:29
77                <action android:name="android.intent.action.VIEW" />
77-->[com.facebook.android:facebook-common:12.3.0] AndroidManifest.xml:40:17-69
77-->[com.facebook.android:facebook-common:12.3.0] AndroidManifest.xml:40:25-66
78
79                <category android:name="android.intent.category.DEFAULT" />
79-->[com.facebook.android:facebook-common:12.3.0] AndroidManifest.xml:42:17-76
79-->[com.facebook.android:facebook-common:12.3.0] AndroidManifest.xml:42:27-73
80                <category android:name="android.intent.category.BROWSABLE" />
80-->[com.facebook.android:facebook-common:12.3.0] AndroidManifest.xml:43:17-78
80-->[com.facebook.android:facebook-common:12.3.0] AndroidManifest.xml:43:27-75
81
82                <data
82-->[com.facebook.android:facebook-common:12.3.0] AndroidManifest.xml:45:17-47:50
83                    android:host="cct.com.hardtofindmaps"
83-->[com.facebook.android:facebook-common:12.3.0] AndroidManifest.xml:46:21-56
84                    android:scheme="fbconnect" />
84-->[com.facebook.android:facebook-common:12.3.0] AndroidManifest.xml:47:21-47
85            </intent-filter>
86        </activity>
87
88        <provider
88-->[androidx.work:work-runtime:2.7.1] AndroidManifest.xml:31:9-39:20
89            android:name="androidx.startup.InitializationProvider"
89-->[androidx.work:work-runtime:2.7.1] AndroidManifest.xml:32:13-67
90            android:authorities="com.hardtofindmaps.androidx-startup"
90-->[androidx.work:work-runtime:2.7.1] AndroidManifest.xml:33:13-68
91            android:exported="false" >
91-->[androidx.work:work-runtime:2.7.1] AndroidManifest.xml:34:13-37
92            <meta-data
92-->[androidx.work:work-runtime:2.7.1] AndroidManifest.xml:36:13-38:52
93                android:name="androidx.work.WorkManagerInitializer"
93-->[androidx.work:work-runtime:2.7.1] AndroidManifest.xml:37:17-68
94                android:value="androidx.startup" />
94-->[androidx.work:work-runtime:2.7.1] AndroidManifest.xml:38:17-49
95        </provider>
96
97        <service
97-->[androidx.work:work-runtime:2.7.1] AndroidManifest.xml:41:9-46:35
98            android:name="androidx.work.impl.background.systemalarm.SystemAlarmService"
98-->[androidx.work:work-runtime:2.7.1] AndroidManifest.xml:42:13-88
99            android:directBootAware="false"
99-->[androidx.work:work-runtime:2.7.1] AndroidManifest.xml:43:13-44
100            android:enabled="@bool/enable_system_alarm_service_default"
100-->[androidx.work:work-runtime:2.7.1] AndroidManifest.xml:44:13-72
101            android:exported="false" />
101-->[androidx.work:work-runtime:2.7.1] AndroidManifest.xml:45:13-37
102        <service
102-->[androidx.work:work-runtime:2.7.1] AndroidManifest.xml:47:9-53:35
103            android:name="androidx.work.impl.background.systemjob.SystemJobService"
103-->[androidx.work:work-runtime:2.7.1] AndroidManifest.xml:48:13-84
104            android:directBootAware="false"
104-->[androidx.work:work-runtime:2.7.1] AndroidManifest.xml:49:13-44
105            android:enabled="@bool/enable_system_job_service_default"
105-->[androidx.work:work-runtime:2.7.1] AndroidManifest.xml:50:13-70
106            android:exported="true"
106-->[androidx.work:work-runtime:2.7.1] AndroidManifest.xml:51:13-36
107            android:permission="android.permission.BIND_JOB_SERVICE" />
107-->[androidx.work:work-runtime:2.7.1] AndroidManifest.xml:52:13-69
108        <service
108-->[androidx.work:work-runtime:2.7.1] AndroidManifest.xml:54:9-59:35
109            android:name="androidx.work.impl.foreground.SystemForegroundService"
109-->[androidx.work:work-runtime:2.7.1] AndroidManifest.xml:55:13-81
110            android:directBootAware="false"
110-->[androidx.work:work-runtime:2.7.1] AndroidManifest.xml:56:13-44
111            android:enabled="@bool/enable_system_foreground_service_default"
111-->[androidx.work:work-runtime:2.7.1] AndroidManifest.xml:57:13-77
112            android:exported="false" />
112-->[androidx.work:work-runtime:2.7.1] AndroidManifest.xml:58:13-37
113
114        <receiver
114-->[androidx.work:work-runtime:2.7.1] AndroidManifest.xml:61:9-66:35
115            android:name="androidx.work.impl.utils.ForceStopRunnable$BroadcastReceiver"
115-->[androidx.work:work-runtime:2.7.1] AndroidManifest.xml:62:13-88
116            android:directBootAware="false"
116-->[androidx.work:work-runtime:2.7.1] AndroidManifest.xml:63:13-44
117            android:enabled="true"
117-->[androidx.work:work-runtime:2.7.1] AndroidManifest.xml:64:13-35
118            android:exported="false" />
118-->[androidx.work:work-runtime:2.7.1] AndroidManifest.xml:65:13-37
119        <receiver
119-->[androidx.work:work-runtime:2.7.1] AndroidManifest.xml:67:9-77:20
120            android:name="androidx.work.impl.background.systemalarm.ConstraintProxy$BatteryChargingProxy"
120-->[androidx.work:work-runtime:2.7.1] AndroidManifest.xml:68:13-106
121            android:directBootAware="false"
121-->[androidx.work:work-runtime:2.7.1] AndroidManifest.xml:69:13-44
122            android:enabled="false"
122-->[androidx.work:work-runtime:2.7.1] AndroidManifest.xml:70:13-36
123            android:exported="false" >
123-->[androidx.work:work-runtime:2.7.1] AndroidManifest.xml:71:13-37
124            <intent-filter>
124-->[androidx.work:work-runtime:2.7.1] AndroidManifest.xml:73:13-76:29
125                <action android:name="android.intent.action.ACTION_POWER_CONNECTED" />
125-->[androidx.work:work-runtime:2.7.1] AndroidManifest.xml:74:17-87
125-->[androidx.work:work-runtime:2.7.1] AndroidManifest.xml:74:25-84
126                <action android:name="android.intent.action.ACTION_POWER_DISCONNECTED" />
126-->[androidx.work:work-runtime:2.7.1] AndroidManifest.xml:75:17-90
126-->[androidx.work:work-runtime:2.7.1] AndroidManifest.xml:75:25-87
127            </intent-filter>
128        </receiver>
129        <receiver
129-->[androidx.work:work-runtime:2.7.1] AndroidManifest.xml:78:9-88:20
130            android:name="androidx.work.impl.background.systemalarm.ConstraintProxy$BatteryNotLowProxy"
130-->[androidx.work:work-runtime:2.7.1] AndroidManifest.xml:79:13-104
131            android:directBootAware="false"
131-->[androidx.work:work-runtime:2.7.1] AndroidManifest.xml:80:13-44
132            android:enabled="false"
132-->[androidx.work:work-runtime:2.7.1] AndroidManifest.xml:81:13-36
133            android:exported="false" >
133-->[androidx.work:work-runtime:2.7.1] AndroidManifest.xml:82:13-37
134            <intent-filter>
134-->[androidx.work:work-runtime:2.7.1] AndroidManifest.xml:84:13-87:29
135                <action android:name="android.intent.action.BATTERY_OKAY" />
135-->[androidx.work:work-runtime:2.7.1] AndroidManifest.xml:85:17-77
135-->[androidx.work:work-runtime:2.7.1] AndroidManifest.xml:85:25-74
136                <action android:name="android.intent.action.BATTERY_LOW" />
136-->[androidx.work:work-runtime:2.7.1] AndroidManifest.xml:86:17-76
136-->[androidx.work:work-runtime:2.7.1] AndroidManifest.xml:86:25-73
137            </intent-filter>
138        </receiver>
139        <receiver
139-->[androidx.work:work-runtime:2.7.1] AndroidManifest.xml:89:9-99:20
140            android:name="androidx.work.impl.background.systemalarm.ConstraintProxy$StorageNotLowProxy"
140-->[androidx.work:work-runtime:2.7.1] AndroidManifest.xml:90:13-104
141            android:directBootAware="false"
141-->[androidx.work:work-runtime:2.7.1] AndroidManifest.xml:91:13-44
142            android:enabled="false"
142-->[androidx.work:work-runtime:2.7.1] AndroidManifest.xml:92:13-36
143            android:exported="false" >
143-->[androidx.work:work-runtime:2.7.1] AndroidManifest.xml:93:13-37
144            <intent-filter>
144-->[androidx.work:work-runtime:2.7.1] AndroidManifest.xml:95:13-98:29
145                <action android:name="android.intent.action.DEVICE_STORAGE_LOW" />
145-->[androidx.work:work-runtime:2.7.1] AndroidManifest.xml:96:17-83
145-->[androidx.work:work-runtime:2.7.1] AndroidManifest.xml:96:25-80
146                <action android:name="android.intent.action.DEVICE_STORAGE_OK" />
146-->[androidx.work:work-runtime:2.7.1] AndroidManifest.xml:97:17-82
146-->[androidx.work:work-runtime:2.7.1] AndroidManifest.xml:97:25-79
147            </intent-filter>
148        </receiver>
149        <receiver
149-->[androidx.work:work-runtime:2.7.1] AndroidManifest.xml:100:9-109:20
150            android:name="androidx.work.impl.background.systemalarm.ConstraintProxy$NetworkStateProxy"
150-->[androidx.work:work-runtime:2.7.1] AndroidManifest.xml:101:13-103
151            android:directBootAware="false"
151-->[androidx.work:work-runtime:2.7.1] AndroidManifest.xml:102:13-44
152            android:enabled="false"
152-->[androidx.work:work-runtime:2.7.1] AndroidManifest.xml:103:13-36
153            android:exported="false" >
153-->[androidx.work:work-runtime:2.7.1] AndroidManifest.xml:104:13-37
154            <intent-filter>
154-->[androidx.work:work-runtime:2.7.1] AndroidManifest.xml:106:13-108:29
155                <action android:name="android.net.conn.CONNECTIVITY_CHANGE" />
155-->[androidx.work:work-runtime:2.7.1] AndroidManifest.xml:107:17-79
155-->[androidx.work:work-runtime:2.7.1] AndroidManifest.xml:107:25-76
156            </intent-filter>
157        </receiver>
158        <receiver
158-->[androidx.work:work-runtime:2.7.1] AndroidManifest.xml:110:9-121:20
159            android:name="androidx.work.impl.background.systemalarm.RescheduleReceiver"
159-->[androidx.work:work-runtime:2.7.1] AndroidManifest.xml:111:13-88
160            android:directBootAware="false"
160-->[androidx.work:work-runtime:2.7.1] AndroidManifest.xml:112:13-44
161            android:enabled="false"
161-->[androidx.work:work-runtime:2.7.1] AndroidManifest.xml:113:13-36
162            android:exported="false" >
162-->[androidx.work:work-runtime:2.7.1] AndroidManifest.xml:114:13-37
163            <intent-filter>
163-->[androidx.work:work-runtime:2.7.1] AndroidManifest.xml:116:13-120:29
164                <action android:name="android.intent.action.BOOT_COMPLETED" />
164-->[androidx.work:work-runtime:2.7.1] AndroidManifest.xml:117:17-79
164-->[androidx.work:work-runtime:2.7.1] AndroidManifest.xml:117:25-76
165                <action android:name="android.intent.action.TIME_SET" />
165-->[androidx.work:work-runtime:2.7.1] AndroidManifest.xml:118:17-73
165-->[androidx.work:work-runtime:2.7.1] AndroidManifest.xml:118:25-70
166                <action android:name="android.intent.action.TIMEZONE_CHANGED" />
166-->[androidx.work:work-runtime:2.7.1] AndroidManifest.xml:119:17-81
166-->[androidx.work:work-runtime:2.7.1] AndroidManifest.xml:119:25-78
167            </intent-filter>
168        </receiver>
169        <receiver
169-->[androidx.work:work-runtime:2.7.1] AndroidManifest.xml:122:9-131:20
170            android:name="androidx.work.impl.background.systemalarm.ConstraintProxyUpdateReceiver"
170-->[androidx.work:work-runtime:2.7.1] AndroidManifest.xml:123:13-99
171            android:directBootAware="false"
171-->[androidx.work:work-runtime:2.7.1] AndroidManifest.xml:124:13-44
172            android:enabled="@bool/enable_system_alarm_service_default"
172-->[androidx.work:work-runtime:2.7.1] AndroidManifest.xml:125:13-72
173            android:exported="false" >
173-->[androidx.work:work-runtime:2.7.1] AndroidManifest.xml:126:13-37
174            <intent-filter>
174-->[androidx.work:work-runtime:2.7.1] AndroidManifest.xml:128:13-130:29
175                <action android:name="androidx.work.impl.background.systemalarm.UpdateProxies" />
175-->[androidx.work:work-runtime:2.7.1] AndroidManifest.xml:129:17-98
175-->[androidx.work:work-runtime:2.7.1] AndroidManifest.xml:129:25-95
176            </intent-filter>
177        </receiver>
178        <receiver
178-->[androidx.work:work-runtime:2.7.1] AndroidManifest.xml:132:9-142:20
179            android:name="androidx.work.impl.diagnostics.DiagnosticsReceiver"
179-->[androidx.work:work-runtime:2.7.1] AndroidManifest.xml:133:13-78
180            android:directBootAware="false"
180-->[androidx.work:work-runtime:2.7.1] AndroidManifest.xml:134:13-44
181            android:enabled="true"
181-->[androidx.work:work-runtime:2.7.1] AndroidManifest.xml:135:13-35
182            android:exported="true"
182-->[androidx.work:work-runtime:2.7.1] AndroidManifest.xml:136:13-36
183            android:permission="android.permission.DUMP" >
183-->[androidx.work:work-runtime:2.7.1] AndroidManifest.xml:137:13-57
184            <intent-filter>
184-->[androidx.work:work-runtime:2.7.1] AndroidManifest.xml:139:13-141:29
185                <action android:name="androidx.work.diagnostics.REQUEST_DIAGNOSTICS" />
185-->[androidx.work:work-runtime:2.7.1] AndroidManifest.xml:140:17-88
185-->[androidx.work:work-runtime:2.7.1] AndroidManifest.xml:140:25-85
186            </intent-filter>
187        </receiver>
188
189        <meta-data
189-->[com.github.bumptech.glide:okhttp3-integration:4.12.0] AndroidManifest.xml:11:9-13:43
190            android:name="com.bumptech.glide.integration.okhttp3.OkHttpGlideModule"
190-->[com.github.bumptech.glide:okhttp3-integration:4.12.0] AndroidManifest.xml:12:13-84
191            android:value="GlideModule" />
191-->[com.github.bumptech.glide:okhttp3-integration:4.12.0] AndroidManifest.xml:13:13-40
192
193        <activity
193-->[com.google.android.gms:play-services-auth:19.2.0] AndroidManifest.xml:23:9-27:75
194            android:name="com.google.android.gms.auth.api.signin.internal.SignInHubActivity"
194-->[com.google.android.gms:play-services-auth:19.2.0] AndroidManifest.xml:24:13-93
195            android:excludeFromRecents="true"
195-->[com.google.android.gms:play-services-auth:19.2.0] AndroidManifest.xml:25:13-46
196            android:exported="false"
196-->[com.google.android.gms:play-services-auth:19.2.0] AndroidManifest.xml:26:13-37
197            android:theme="@android:style/Theme.Translucent.NoTitleBar" />
197-->[com.google.android.gms:play-services-auth:19.2.0] AndroidManifest.xml:27:13-72
198        <!--
199            Service handling Google Sign-In user revocation. For apps that do not integrate with
200            Google Sign-In, this service will never be started.
201        -->
202        <service
202-->[com.google.android.gms:play-services-auth:19.2.0] AndroidManifest.xml:33:9-37:51
203            android:name="com.google.android.gms.auth.api.signin.RevocationBoundService"
203-->[com.google.android.gms:play-services-auth:19.2.0] AndroidManifest.xml:34:13-89
204            android:exported="true"
204-->[com.google.android.gms:play-services-auth:19.2.0] AndroidManifest.xml:35:13-36
205            android:permission="com.google.android.gms.auth.api.signin.permission.REVOCATION_NOTIFICATION"
205-->[com.google.android.gms:play-services-auth:19.2.0] AndroidManifest.xml:36:13-107
206            android:visibleToInstantApps="true" />
206-->[com.google.android.gms:play-services-auth:19.2.0] AndroidManifest.xml:37:13-48
207
208        <activity
208-->[com.google.android.gms:play-services-base:17.5.0] AndroidManifest.xml:23:9-26:75
209            android:name="com.google.android.gms.common.api.GoogleApiActivity"
209-->[com.google.android.gms:play-services-base:17.5.0] AndroidManifest.xml:24:13-79
210            android:exported="false"
210-->[com.google.android.gms:play-services-base:17.5.0] AndroidManifest.xml:25:13-37
211            android:theme="@android:style/Theme.Translucent.NoTitleBar" />
211-->[com.google.android.gms:play-services-base:17.5.0] AndroidManifest.xml:26:13-72
212
213        <meta-data
213-->[com.google.android.gms:play-services-basement:17.5.0] AndroidManifest.xml:23:9-25:69
214            android:name="com.google.android.gms.version"
214-->[com.google.android.gms:play-services-basement:17.5.0] AndroidManifest.xml:24:13-58
215            android:value="@integer/google_play_services_version" />
215-->[com.google.android.gms:play-services-basement:17.5.0] AndroidManifest.xml:25:13-66
216        <!--
217         The initialization ContentProvider will call FacebookSdk.sdkInitialize automatically
218         with the application context. This config is merged in with the host app's manifest,
219         but there can only be one provider with the same authority activated at any given
220         point; so if the end user has two or more different apps that use Facebook SDK, only the
221         first one will be able to use the provider. To work around this problem, we use the
222         following placeholder in the authority to identify each host application as if it was
223         a completely different provider.
224        -->
225        <provider
225-->[com.facebook.android:facebook-core:12.3.0] AndroidManifest.xml:39:9-42:40
226            android:name="com.facebook.internal.FacebookInitProvider"
226-->[com.facebook.android:facebook-core:12.3.0] AndroidManifest.xml:40:13-70
227            android:authorities="com.hardtofindmaps.FacebookInitProvider"
227-->[com.facebook.android:facebook-core:12.3.0] AndroidManifest.xml:41:13-72
228            android:exported="false" />
228-->[com.facebook.android:facebook-core:12.3.0] AndroidManifest.xml:42:13-37
229
230        <receiver
230-->[com.facebook.android:facebook-core:12.3.0] AndroidManifest.xml:44:9-50:20
231            android:name="com.facebook.CurrentAccessTokenExpirationBroadcastReceiver"
231-->[com.facebook.android:facebook-core:12.3.0] AndroidManifest.xml:45:13-86
232            android:exported="false" >
232-->[com.facebook.android:facebook-core:12.3.0] AndroidManifest.xml:46:13-37
233            <intent-filter>
233-->[com.facebook.android:facebook-core:12.3.0] AndroidManifest.xml:47:13-49:29
234                <action android:name="com.facebook.sdk.ACTION_CURRENT_ACCESS_TOKEN_CHANGED" />
234-->[com.facebook.android:facebook-core:12.3.0] AndroidManifest.xml:48:17-95
234-->[com.facebook.android:facebook-core:12.3.0] AndroidManifest.xml:48:25-92
235            </intent-filter>
236        </receiver>
237        <receiver
237-->[com.facebook.android:facebook-core:12.3.0] AndroidManifest.xml:51:9-57:20
238            android:name="com.facebook.AuthenticationTokenManager$CurrentAuthenticationTokenChangedBroadcastReceiver"
238-->[com.facebook.android:facebook-core:12.3.0] AndroidManifest.xml:52:13-118
239            android:exported="false" >
239-->[com.facebook.android:facebook-core:12.3.0] AndroidManifest.xml:53:13-37
240            <intent-filter>
240-->[com.facebook.android:facebook-core:12.3.0] AndroidManifest.xml:54:13-56:29
241                <action android:name="com.facebook.sdk.ACTION_CURRENT_AUTHENTICATION_TOKEN_CHANGED" />
241-->[com.facebook.android:facebook-core:12.3.0] AndroidManifest.xml:55:17-103
241-->[com.facebook.android:facebook-core:12.3.0] AndroidManifest.xml:55:25-100
242            </intent-filter>
243        </receiver>
244
245        <service
245-->[androidx.room:room-runtime:2.2.5] AndroidManifest.xml:25:9-28:40
246            android:name="androidx.room.MultiInstanceInvalidationService"
246-->[androidx.room:room-runtime:2.2.5] AndroidManifest.xml:26:13-74
247            android:directBootAware="true"
247-->[androidx.room:room-runtime:2.2.5] AndroidManifest.xml:27:13-43
248            android:exported="false" />
248-->[androidx.room:room-runtime:2.2.5] AndroidManifest.xml:28:13-37
249    </application>
250
251</manifest>